features/rewards/build/intermediates/manifest_merge_blame_file/release/manifest-merger-blame-release-report.txt
1<?xml version="1.0" encoding="utf-8"?>
2<manifest xmlns:android="http://schemas.android.com/apk/res/android"
3    xmlns:dist="http://schemas.android.com/apk/distribution"
4    featureSplit="rewards"
5    package="com.aish.instantappbundle"
6    android:versionCode="9"
7    android:versionName="1.0" >
8
9    <uses-sdk
10        android:minSdkVersion="23"
10-->src/main/AndroidManifest.xml
11        android:targetSdkVersion="29" />
11-->src/main/AndroidManifest.xml
12
13    <dist:module
13-->src/main/AndroidManifest.xml:6:5-13:19
14        dist:instant="false"
14-->src/main/AndroidManifest.xml:7:9-29
15        dist:title="@string/title_aboutus" >
15-->src/main/AndroidManifest.xml:8:9-43
16        <dist:delivery>
16-->src/main/AndroidManifest.xml:9:9-11:25
17            <dist:on-demand />
17-->src/main/AndroidManifest.xml:10:13-30
18        </dist:delivery>
19
20        <dist:fusing dist:include="false" />
20-->src/main/AndroidManifest.xml:12:9-45
20-->src/main/AndroidManifest.xml:12:22-42
21    </dist:module>
22
23    <application android:extractNativeLibs="false" >
23-->src/main/AndroidManifest.xml:15:5-21:19
24        <activity android:name="com.example.dynamicfeature.RewardsActivity" >
24-->src/main/AndroidManifest.xml:16:9-20:20
24-->src/main/AndroidManifest.xml:16:19-50
25            <intent-filter>
25-->src/main/AndroidManifest.xml:17:13-19:29
26                <action android:name="android.intent.action.VIEW" />
26-->src/main/AndroidManifest.xml:18:17-69
26-->src/main/AndroidManifest.xml:18:25-66
27            </intent-filter>
28        </activity>
29    </application>
30
31</manifest>